Input FASTA file .............................: /Users/telatina/Downloads/EBAME9/WORKFLOW_MATERIAL/genoems/anvi-minimal/ref/contigs.fa

Anvi'o made things up for you
===============================================
You are generating a new anvi'o contigs database, but you are not specifying a
project name for it. FINE. Anvi'o, in desperation, will use the input file name
to set the project name for this contigs database (i.e., 'contigs'). If you are
not happy with that, feel free to kill and restart this process. If you are not
happy with this name, but you don't like killing things either, maybe next time
you should either name your FASTA files better, or use the `--project-name`
parameter to set your desired name.

Name .........................................: contigs
Description ..................................: No description is given
Num threads for gene calling .................: 1

Finding ORFs in contigs
===============================================
Genes ........................................: /var/folders/qf/64kyljyn0njdfbz8nyrgjv8h000cb1/T/tmpk2ncv33x/contigs.genes
Amino acid sequences .........................: /var/folders/qf/64kyljyn0njdfbz8nyrgjv8h000cb1/T/tmpk2ncv33x/contigs.amino_acid_sequences
Log file .....................................: /var/folders/qf/64kyljyn0njdfbz8nyrgjv8h000cb1/T/tmpk2ncv33x/00_log.txt

CITATION
===============================================
Anvi'o will use 'prodigal' by Hyatt et al (doi:10.1186/1471-2105-11-119) to
identify open reading frames in your data. When you publish your findings,
please do not forget to properly credit their work.

Result .......................................: Prodigal (v2.6.3) has identified 22 genes.


CONTIGS DB CREATE REPORT
===============================================
Split Length .................................: 20,000
K-mer size ...................................: 4
Skip gene calling? ...........................: False
External gene calls provided? ................: False
Ignoring internal stop codons? ...............: False
Splitting pays attention to gene calls? ......: True
Contigs with at least one gene call ..........: 3 of 3 (100.0%)
Contigs database .............................: A new database, CONTIGS.db, has been created.
Number of contigs ............................: 3
Number of splits .............................: 3
Total number of nucleotides ..................: 10,285
Gene calling step skipped ....................: False
Splits broke genes (non-mindful mode) ........: False
Desired split length (what the user wanted) ..: 20,000
Average split length (what anvi'o gave back) .: (Anvi'o did not create any splits)
